<?xml version="1.0" encoding="UTF-8"?>
<testsuite name="org.example.AppTest" tests="1" skipped="0" failures="0" errors="0" timestamp="2025-03-08T18:26:05" hostname="kasinath-HP-Laptop-15-da3xxx" time="0.026">
  <properties/>
  <testcase name="appHasAGreeting()" classname="org.example.AppTest" time="0.026"/>
  <system-out><![CDATA[]]></system-out>
  <system-err><![CDATA[]]></system-err>
</testsuite>
